<?xml version="1.0" encoding="UTF-8" ?>
<testsuite errors="0" failures="0" hostname="notebook" name="buildr.ajc.FooTest" tests="2" time="0.092" timestamp="2010-11-13T16:19:37">
  <properties>
    <property name="java.runtime.name" value="Java(TM) SE Runtime Environment" />
    <property name="jruby.home" value="C:\data\jruby-1.5.3" />
    <property name="sun.boot.library.path" value="C:\Program Files\Java\jdk1.6.0_19\jre\bin" />
    <property name="java.vm.version" value="16.2-b04" />
    <property name="ant.version" value="Apache Ant version 1.8.0 compiled on February 1 2010" />
    <property name="ant.java.version" value="1.6" />
    <property name="java.vm.vendor" value="Sun Microsystems Inc." />
    <property name="java.vendor.url" value="http://java.sun.com/" />
    <property name="path.separator" value=";" />
    <property name="java.vm.name" value="Java HotSpot(TM) Client VM" />
    <property name="file.encoding.pkg" value="sun.io" />
    <property name="user.country" value="DE" />
    <property name="sun.java.launcher" value="SUN_STANDARD" />
    <property name="sun.os.patch.level" value="" />
    <property name="java.vm.specification.name" value="Java Virtual Machine Specification" />
    <property name="user.dir" value="C:\data\netbeans\workspaces\default\buildr-ajc\aspect" />
    <property name="java.runtime.version" value="1.6.0_19-b04" />
    <property name="java.awt.graphicsenv" value="sun.awt.Win32GraphicsEnvironment" />
    <property name="basedir" value="C:\data\netbeans\workspaces\default\buildr-ajc\aspect" />
    <property name="java.endorsed.dirs" value="C:\Program Files\Java\jdk1.6.0_19\jre\lib\endorsed" />
    <property name="os.arch" value="x86" />
    <property name="ant.project.default-target" value="" />
    <property name="java.io.tmpdir" value="C:\Users\nico\AppData\Local\Temp\" />
    <property name="ant.core.lib" value="C:\Users\nico\.m2\repository\org\apache\ant\ant\1.8.0\ant-1.8.0.jar" />
    <property name="line.separator" value="
" />
    <property name="java.vm.specification.vendor" value="Sun Microsystems Inc." />
    <property name="user.variant" value="" />
    <property name="os.name" value="Windows 7" />
    <property name="jdk.home" value="C:\Program Files\Java\jdk1.6.0_19" />
    <property name="ant.project.name" value="junit" />
    <property name="sun.jnu.encoding" value="Cp1252" />
    <property name="java.library.path" value="C:\Program Files\Java\jdk1.6.0_19\jre\bin;.;C:\Windows\Sun\Java\bin;C:\Windows\system32;C:\Windows;C:\Windows\system32;C:\Windows;C:\Windows\System32\Wbem;C:\Windows\System32\WindowsPowerShell\v1.0\;C:\Program Files\QuickTime\QTSystem\;C:\data\jruby-1.5.3\bin;C:\Program Files\Git\cmd;C:\Program Files\OpenVPN\bin;C:\cygwin\bin;C:\data\apache-maven-3.0\bin" />
    <property name="jruby.memory.max" value="500m" />
    <property name="java.specification.name" value="Java Platform API Specification" />
    <property name="java.class.version" value="50.0" />
    <property name="sun.management.compiler" value="HotSpot Client Compiler" />
    <property name="os.version" value="6.1" />
    <property name="jffi.boot.library.path" value="C:\data\jruby-1.5.3\lib\native\i386-Windows;C:\data\jruby-1.5.3\lib\native\x86_64-Windows" />
    <property name="user.home" value="C:\Users\nico" />
    <property name="user.timezone" value="" />
    <property name="java.awt.printerjob" value="sun.awt.windows.WPrinterJob" />
    <property name="java.specification.version" value="1.6" />
    <property name="file.encoding" value="Cp1252" />
    <property name="user.name" value="nico" />
    <property name="jruby.stack.max" value="1024k" />
    <property name="jruby.script" value="jruby" />
    <property name="java.class.path" value="C:\data\netbeans\workspaces\default\buildr-ajc\aspect\target\test\classes;C:\data\netbeans\workspaces\default\buildr-ajc\aspect\target\test\resources;C:\data\netbeans\workspaces\default\buildr-ajc\aspect\target\classes;C:\data\netbeans\workspaces\default\buildr-ajc\aspect\target\resources;C:\Users\nico\.m2\repository\org\aspectj\aspectjrt\1.6.9\aspectjrt-1.6.9.jar;C:\Users\nico\.m2\repository\junit\junit\4.7\junit-4.7.jar;C:\Users\nico\.m2\repository\org\jmock\jmock\2.5.1\jmock-2.5.1.jar;C:\Users\nico\.m2\repository\org\jmock\jmock-junit4\2.5.1\jmock-junit4-2.5.1.jar;C:\Users\nico\.m2\repository\org\hamcrest\hamcrest-core\1.1\hamcrest-core-1.1.jar;C:\Users\nico\.m2\repository\org\hamcrest\hamcrest-library\1.1\hamcrest-library-1.1.jar;C:\data\netbeans\workspaces\default\buildr-ajc\aspect;C:\Program Files\Java\jre6\lib\ext\QTJava.zip;C:\Users\nico\.m2\repository\org\apache\ant\ant-launcher\1.8.0\ant-launcher-1.8.0.jar;C:\Users\nico\.m2\repository\org\apache\ant\ant\1.8.0\ant-1.8.0.jar;C:\Users\nico\.m2\repository\org\apache\ant\ant-junit\1.8.0\ant-junit-1.8.0.jar" />
    <property name="jruby.shell" value="cmd.exe" />
    <property name="java.vm.specification.version" value="1.0" />
    <property name="sun.arch.data.model" value="32" />
    <property name="java.home" value="C:\Program Files\Java\jdk1.6.0_19\jre" />
    <property name="java.specification.vendor" value="Sun Microsystems Inc." />
    <property name="user.language" value="de" />
    <property name="awt.toolkit" value="sun.awt.windows.WToolkit" />
    <property name="java.vm.info" value="mixed mode, sharing" />
    <property name="java.version" value="1.6.0_19" />
    <property name="java.ext.dirs" value="C:\Program Files\Java\jdk1.6.0_19\jre\lib\ext;C:\Windows\Sun\Java\lib\ext" />
    <property name="sun.boot.class.path" value="C:\Program Files\Java\jdk1.6.0_19\jre\lib\resources.jar;C:\Program Files\Java\jdk1.6.0_19\jre\lib\rt.jar;C:\Program Files\Java\jdk1.6.0_19\jre\lib\sunrsasign.jar;C:\Program Files\Java\jdk1.6.0_19\jre\lib\jsse.jar;C:\Program Files\Java\jdk1.6.0_19\jre\lib\jce.jar;C:\Program Files\Java\jdk1.6.0_19\jre\lib\charsets.jar;C:\Program Files\Java\jdk1.6.0_19\jre\classes" />
    <property name="java.vendor" value="Sun Microsystems Inc." />
    <property name="file.separator" value="\" />
    <property name="java.vendor.url.bug" value="http://java.sun.com/cgi-bin/bugreport.cgi" />
    <property name="sun.io.unicode.encoding" value="UnicodeLittle" />
    <property name="sun.cpu.endian" value="little" />
    <property name="baseDir" value="C:/data/netbeans/workspaces/default/buildr-ajc/aspect/target/test/classes" />
    <property name="sun.desktop" value="windows" />
    <property name="sun.cpu.isalist" value="pentium_pro+mmx pentium_pro pentium+mmx pentium i486 i386 i86" />
  </properties>
  <testcase classname="buildr.ajc.FooTest" name="foo_called_aspectWorksFine" time="0.013" />
  <testcase classname="buildr.ajc.FooTest" name="test_foo_called_aspectWorksFine" time="0.0010" />
  <system-out><![CDATA[]]></system-out>
  <system-err><![CDATA[]]></system-err>
</testsuite>
